2018-11-13T04:40:27.770Z - info: Environment variables loaded.
2018-11-13T04:40:27.837Z - error: uncaughtException: Router.use() requires a middleware function but got a Object date=Mon Nov 12 2018 22:40:27 GMT-0600 (Central Standard Time), pid=490204, uid=null, gid=null, cwd=C:\Users\s534046\Documents\44-563\Project-09, execPath=C:\Program Files\nodejs\node.exe, version=v8.12.0, argv=[C:\Program Files\nodejs\node.exe, C:\Users\s534046\Documents\44-563\Project-09\app.js], rss=52924416, heapTotal=38174720, heapUsed=23661416, external=18538941, loadavg=[0, 0, 0], uptime=1079713.7825711
TypeError: Router.use() requires a middleware function but got a Object
    at Function.use (C:\Users\s534046\Documents\44-563\Project-09\node_modules\express\lib\router\index.js:458:13)
    at Function.<anonymous> (C:\Users\s534046\Documents\44-563\Project-09\node_modules\express\lib\application.js:220:21)
    at Array.forEach (<anonymous>)
    at Function.use (C:\Users\s534046\Documents\44-563\Project-09\node_modules\express\lib\application.js:217:7)
    at Object.<anonymous> (C:\Users\s534046\Documents\44-563\Project-09\app.js:67:5)
    at Module._compile (module.js:653:30)
    at Object.Module._extensions..js (module.js:664:10)
    at Module.load (module.js:566:32)
    at tryModuleLoad (module.js:506:12)
    at Function.Module._load (module.js:498:3)
    at Function.Module.runMain (module.js:694:10)
    at startup (bootstrap_node.js:204:16)
    at bootstrap_node.js:625:3
2018-11-13T04:44:18.107Z - info: Environment variables loaded.
2018-11-13T04:44:18.191Z - error: uncaughtException: Cannot find module '../controllers/about.js' date=Mon Nov 12 2018 22:44:18 GMT-0600 (Central Standard Time), pid=499584, uid=null, gid=null, cwd=C:\Users\s534046\Documents\44-563\Project-09, execPath=C:\Program Files\nodejs\node.exe, version=v8.12.0, argv=[C:\Program Files\nodejs\node.exe, C:\Users\s534046\Documents\44-563\Project-09\app.js], rss=52858880, heapTotal=37126144, heapUsed=23582632, external=18530749, loadavg=[0, 0, 0], uptime=1079944.1351337
Error: Cannot find module '../controllers/about.js'
    at Function.Module._resolveFilename (module.js:548:15)
    at Function.Module._load (module.js:475:25)
    at Module.require (module.js:597:17)
    at require (internal/module.js:11:18)
    at Object.<anonymous> (C:\Users\s534046\Documents\44-563\Project-09\routes\index.js:14:22)
    at Module._compile (module.js:653:30)
    at Object.Module._extensions..js (module.js:664:10)
    at Module.load (module.js:566:32)
    at tryModuleLoad (module.js:506:12)
    at Function.Module._load (module.js:498:3)
    at Module.require (module.js:597:17)
    at require (internal/module.js:11:18)
    at Object.<anonymous> (C:\Users\s534046\Documents\44-563\Project-09\app.js:66:16)
    at Module._compile (module.js:653:30)
    at Object.Module._extensions..js (module.js:664:10)
    at Module.load (module.js:566:32)
2018-11-13T04:44:18.132Z - debug: START routing
2018-11-13T04:44:56.054Z - info: Environment variables loaded.
2018-11-13T04:44:56.191Z - error: uncaughtException: puppies is not defined date=Mon Nov 12 2018 22:44:56 GMT-0600 (Central Standard Time), pid=501056, uid=null, gid=null, cwd=C:\Users\s534046\Documents\44-563\Project-09, execPath=C:\Program Files\nodejs\node.exe, version=v8.12.0, argv=[C:\Program Files\nodejs\node.exe, C:\Users\s534046\Documents\44-563\Project-09\app.js], rss=55336960, heapTotal=38174720, heapUsed=25674112, external=18771811, loadavg=[0, 0, 0], uptime=1079982.1303826
ReferenceError: puppies is not defined
    at module.exports (C:\Users\s534046\Documents\44-563\Project-09\utils\seeder.js:23:23)
    at Object.<anonymous> (C:\Users\s534046\Documents\44-563\Project-09\app.js:73:29)
    at Module._compile (module.js:653:30)
    at Object.Module._extensions..js (module.js:664:10)
    at Module.load (module.js:566:32)
    at tryModuleLoad (module.js:506:12)
    at Function.Module._load (module.js:498:3)
    at Function.Module.runMain (module.js:694:10)
    at startup (bootstrap_node.js:204:16)
    at bootstrap_node.js:625:3
2018-11-13T04:44:56.070Z - debug: START routing
2018-11-13T04:44:56.071Z - debug: END routing
2018-11-13T04:44:56.071Z - info: Loaded routing.
2018-11-13T04:44:56.130Z - info: START seeder.
2018-11-13T04:45:33.380Z - info: Environment variables loaded.
2018-11-13T04:45:33.399Z - debug: START routing
2018-11-13T04:45:33.403Z - debug: END routing
2018-11-13T04:45:33.404Z - info: Loaded routing.
2018-11-13T04:45:33.548Z - info: START seeder.
2018-11-13T04:45:33.576Z - debug: 1 customers seeded
2018-11-13T04:45:33.583Z - debug: 2 products seeded
2018-11-13T04:45:33.591Z - debug: 1 orders seeded
2018-11-13T04:45:33.594Z - debug: 2 orderLineItems seeded
2018-11-13T04:45:33.594Z - info: END Seeder. Sample data read and verified.
2018-11-13T04:45:46.390Z - debug: GET /
2018-11-13T04:45:46.400Z - debug: Request to /
2018-11-13T04:49:10.910Z - debug: GET /
2018-11-13T04:49:10.923Z - debug: Request to /
2018-11-13T04:49:10.996Z - debug: GET /css/main.css
2018-11-13T04:49:11.617Z - debug: GET /images/manifest.json
2018-11-13T04:49:11.627Z - debug: GET /images/favicon-32x32.png
2018-11-13T04:49:11.662Z - debug: GET /images/favicon-16x16.png
2018-11-13T04:49:11.670Z - debug: GET /images/favicon-96x96.png
2018-11-13T04:49:11.688Z - debug: GET /images/android-icon-192x192.png
2018-11-13T04:50:25.361Z - debug: GET /
2018-11-13T04:50:25.362Z - debug: Request to /
2018-11-13T04:50:25.911Z - debug: GET /images/favicon-32x32.png
2018-11-13T04:50:27.436Z - debug: GET /puppy
2018-11-13T05:20:52.552Z - debug: GET /puppy
2018-11-13T05:20:53.078Z - debug: GET /images/favicon-32x32.png
2018-11-13T05:20:54.948Z - debug: GET /puppy
2018-11-13T05:20:57.056Z - debug: GET /puppy
2018-11-13T05:20:58.023Z - debug: GET /puppy
2018-11-13T05:22:27.857Z - debug: GET /puppy
2018-11-13T05:22:28.218Z - debug: GET /images/favicon-32x32.png
2018-11-13T05:22:28.922Z - debug: GET /contact
2018-11-13T05:22:30.621Z - debug: GET /contact
2018-11-13T05:22:31.551Z - debug: GET /contact
2018-11-13T05:22:32.071Z - debug: GET /contact
2018-11-13T05:22:49.231Z - debug: GET /contact
2018-11-13T05:22:49.479Z - debug: GET /images/favicon-32x32.png
2018-11-13T05:22:50.628Z - debug: GET /contact.ejs
2018-11-13T05:22:51.991Z - debug: GET /contact.ejs
2018-11-13T05:22:52.569Z - debug: GET /contact.ejs
2018-11-13T05:22:54.439Z - debug: GET /contact.ejs
2018-11-13T05:24:07.583Z - debug: GET /puppy
2018-11-13T05:24:14.972Z - debug: GET /
2018-11-13T05:24:14.973Z - debug: Request to /
2018-11-13T05:24:39.692Z - debug: GET /
2018-11-13T05:24:39.693Z - debug: Request to /
2018-11-13T05:24:40.055Z - debug: GET /images/favicon-32x32.png
2018-11-13T05:24:40.916Z - debug: GET /contact.ejs
2018-11-13T05:44:13.036Z - debug: GET /contact.ejs
2018-11-13T05:45:01.038Z - debug: GET /contact.ejs
2018-11-13T05:45:56.944Z - debug: GET /contact.ejs
2018-11-13T05:47:20.282Z - debug: GET /
2018-11-13T05:47:20.283Z - debug: Request to /
2018-11-13T05:47:55.436Z - debug: GET /
2018-11-13T05:47:55.438Z - debug: Request to /
2018-11-13T05:50:08.541Z - info: Environment variables loaded.
2018-11-13T05:50:08.559Z - debug: START routing
2018-11-13T05:50:08.559Z - debug: END routing
2018-11-13T05:50:08.559Z - info: Loaded routing.
2018-11-13T05:50:08.612Z - info: START seeder.
2018-11-13T05:50:08.617Z - debug: 1 customers seeded
2018-11-13T05:50:08.619Z - debug: 2 products seeded
2018-11-13T05:50:08.621Z - debug: 1 orders seeded
2018-11-13T05:50:08.622Z - debug: 2 orderLineItems seeded
2018-11-13T05:50:08.622Z - info: END Seeder. Sample data read and verified.
2018-11-13T05:50:12.980Z - debug: GET /
2018-11-13T05:50:12.984Z - debug: Request to /
2018-11-13T05:50:15.141Z - debug: GET /puppy
2018-11-13T05:50:16.510Z - debug: GET /
2018-11-13T05:50:16.510Z - debug: Request to /
2018-11-13T05:50:30.809Z - debug: GET /
2018-11-13T05:50:30.810Z - debug: Request to /
2018-11-13T05:50:52.353Z - debug: GET /
2018-11-13T05:50:52.354Z - debug: Request to /
2018-11-13T05:51:17.414Z - debug: GET /
2018-11-13T05:51:17.417Z - debug: Request to /
2018-11-13T05:51:17.744Z - debug: GET /images/favicon-32x32.png
2018-11-13T05:51:51.275Z - debug: GET /
2018-11-13T05:51:51.276Z - debug: Request to /
2018-11-13T05:55:31.982Z - info: Environment variables loaded.
2018-11-13T05:55:31.995Z - debug: START routing
2018-11-13T05:55:31.996Z - debug: END routing
2018-11-13T05:55:31.996Z - info: Loaded routing.
2018-11-13T05:55:32.045Z - info: START seeder.
2018-11-13T05:55:32.054Z - debug: 1 customers seeded
2018-11-13T05:55:32.058Z - debug: 2 products seeded
2018-11-13T05:55:32.060Z - debug: 1 orders seeded
2018-11-13T05:55:32.064Z - debug: 2 orderLineItems seeded
2018-11-13T05:55:32.064Z - info: END Seeder. Sample data read and verified.
2018-11-13T05:55:54.286Z - debug: GET /
2018-11-13T05:55:54.290Z - debug: Request to /
2018-11-13T06:07:47.848Z - debug: GET /
2018-11-13T06:07:47.852Z - debug: Request to /
2018-11-13T07:21:54.886Z - debug: GET /
2018-11-13T07:21:54.890Z - debug: Request to /
2018-11-13T07:28:55.248Z - debug: GET /
2018-11-13T07:28:55.250Z - debug: Request to /
2018-11-13T07:30:00.216Z - debug: GET /
2018-11-13T07:30:00.217Z - debug: Request to /
2018-11-13T07:31:28.684Z - debug: GET /
2018-11-13T07:31:28.685Z - debug: Request to /
2018-11-13T07:36:00.643Z - debug: GET /
2018-11-13T07:36:00.646Z - debug: Request to /
2018-11-13T07:36:14.251Z - debug: GET /
2018-11-13T07:36:14.253Z - debug: Request to /
2018-11-13T07:36:14.830Z - debug: GET /images/favicon-32x32.png
2018-11-13T07:36:38.559Z - debug: GET /
2018-11-13T07:36:38.566Z - debug: Request to /
2018-11-13T07:36:39.035Z - debug: GET /images/favicon-32x32.png
2018-11-13T07:37:18.156Z - debug: GET /
2018-11-13T07:37:18.158Z - debug: Request to /
2018-11-13T07:37:18.624Z - debug: GET /images/favicon-32x32.png
2018-11-13T07:37:41.923Z - debug: GET /
2018-11-13T07:37:41.928Z - debug: Request to /
2018-11-13T07:37:42.421Z - debug: GET /images/favicon-32x32.png
2018-11-13T07:37:59.605Z - debug: GET /
2018-11-13T07:37:59.607Z - debug: Request to /
2018-11-13T07:38:00.039Z - debug: GET /images/favicon-32x32.png
2018-11-13T07:38:18.971Z - debug: GET /
2018-11-13T07:38:18.972Z - debug: Request to /
2018-11-13T07:38:19.469Z - debug: GET /images/favicon-32x32.png
2018-11-13T07:38:20.563Z - debug: GET /contact.ejs
2018-11-13T07:38:22.843Z - debug: GET /
2018-11-13T07:38:22.845Z - debug: Request to /
2018-11-13T07:42:10.707Z - info: Environment variables loaded.
2018-11-13T07:42:10.802Z - error: uncaughtException: Cannot find module '../controllers/about.js' date=Tue Nov 13 2018 01:42:10 GMT-0600 (Central Standard Time), pid=64484, uid=null, gid=null, cwd=C:\Users\s534046\Documents\44-563\Project-09, execPath=C:\Program Files\nodejs\node.exe, version=v8.12.0, argv=[C:\Program Files\nodejs\node.exe, C:\Users\s534046\Documents\44-563\Project-09\app.js], rss=54063104, heapTotal=37650432, heapUsed=22797448, external=18496392, loadavg=[0, 0, 0], uptime=1090616.7353006
Error: Cannot find module '../controllers/about.js'
    at Function.Module._resolveFilename (module.js:548:15)
    at Function.Module._load (module.js:475:25)
    at Module.require (module.js:597:17)
    at require (internal/module.js:11:18)
    at Object.<anonymous> (C:\Users\s534046\Documents\44-563\Project-09\routes\index.js:14:22)
    at Module._compile (module.js:653:30)
    at Object.Module._extensions..js (module.js:664:10)
    at Module.load (module.js:566:32)
    at tryModuleLoad (module.js:506:12)
    at Function.Module._load (module.js:498:3)
    at Module.require (module.js:597:17)
    at require (internal/module.js:11:18)
    at Object.<anonymous> (C:\Users\s534046\Documents\44-563\Project-09\app.js:66:16)
    at Module._compile (module.js:653:30)
    at Object.Module._extensions..js (module.js:664:10)
    at Module.load (module.js:566:32)
2018-11-13T07:42:10.741Z - debug: START routing
2018-11-13T07:42:47.799Z - info: Environment variables loaded.
2018-11-13T07:42:47.812Z - debug: START routing
2018-11-13T07:42:47.812Z - debug: END routing
2018-11-13T07:42:47.812Z - info: Loaded routing.
2018-11-13T07:45:04.493Z - info: Environment variables loaded.
2018-11-13T07:45:04.504Z - debug: START routing
2018-11-13T07:45:04.505Z - debug: END routing
2018-11-13T07:45:04.505Z - info: Loaded routing.
2018-11-13T07:45:04.569Z - info: START seeder.
2018-11-13T07:45:04.578Z - debug: 1 customers seeded
2018-11-13T07:45:04.582Z - debug: 2 products seeded
2018-11-13T07:45:04.584Z - debug: 1 orders seeded
2018-11-13T07:45:04.586Z - debug: 2 orderLineItems seeded
2018-11-13T07:45:04.586Z - info: END Seeder. Sample data read and verified.
2018-11-13T07:45:15.672Z - debug: GET /
2018-11-13T07:45:15.680Z - debug: Request to /
2018-11-13T07:45:16.207Z - debug: GET /images/favicon-32x32.png
2018-11-13T07:45:17.404Z - debug: GET /contact.ejs
2018-11-13T07:45:18.643Z - debug: GET /
2018-11-13T07:45:18.644Z - debug: Request to /
2018-11-13T07:45:19.733Z - debug: GET /contact.ejs
2018-11-13T07:45:21.040Z - debug: GET /
2018-11-13T07:45:21.041Z - debug: Request to /
2018-11-13T07:45:21.887Z - debug: GET /puppy
2018-11-13T07:45:22.839Z - debug: GET /contact.ejs
2018-11-13T07:48:36.018Z - debug: GET /contact.ejs
2018-11-13T07:48:36.576Z - debug: GET /images/favicon-32x32.png
2018-11-13T07:49:38.907Z - debug: GET /contact.ejs
2018-11-13T07:49:39.447Z - debug: GET /images/favicon-32x32.png
2018-11-13T07:49:40.509Z - debug: GET /puppy
2018-11-13T07:49:42.576Z - debug: GET /contact.ejs
2018-11-13T07:49:44.088Z - debug: GET /puppy
2018-11-13T07:49:45.176Z - debug: GET /
2018-11-13T07:49:45.177Z - debug: Request to /
2018-11-13T07:51:04.476Z - debug: GET /
2018-11-13T07:51:04.477Z - debug: Request to /
2018-11-13T07:51:04.794Z - debug: GET /images/favicon-32x32.png
2018-11-13T07:51:06.431Z - debug: GET /contact
2018-11-13T07:51:08.348Z - debug: GET /
2018-11-13T07:51:08.350Z - debug: Request to /
2018-11-13T07:52:26.029Z - debug: GET /
2018-11-13T07:52:26.042Z - debug: Request to /
2018-11-13T07:52:26.455Z - debug: GET /images/favicon-32x32.png
2018-11-13T07:53:02.212Z - debug: GET /
2018-11-13T07:53:02.212Z - debug: Request to /
2018-11-13T07:53:02.584Z - debug: GET /images/favicon-32x32.png
2018-11-13T07:53:18.980Z - debug: GET /
2018-11-13T07:53:18.981Z - debug: Request to /
2018-11-13T07:53:19.442Z - debug: GET /images/favicon-32x32.png
2018-11-13T18:44:50.197Z - info: Environment variables loaded.
2018-11-13T18:44:50.268Z - debug: START routing
2018-11-13T18:44:50.269Z - debug: END routing
2018-11-13T18:44:50.269Z - info: Loaded routing.
2018-11-13T18:44:50.342Z - info: START seeder.
2018-11-13T18:44:50.348Z - debug: 4 customers seeded
2018-11-13T18:44:50.351Z - debug: 2 products seeded
2018-11-13T18:44:50.353Z - debug: 1 orders seeded
2018-11-13T18:44:50.356Z - debug: 2 orderLineItems seeded
2018-11-13T18:44:50.356Z - info: END Seeder. Sample data read and verified.
2018-11-13T18:44:52.199Z - info: Environment variables loaded.
2018-11-13T18:44:52.210Z - debug: START routing
2018-11-13T18:44:52.210Z - debug: END routing
2018-11-13T18:44:52.210Z - info: Loaded routing.
2018-11-13T18:44:52.243Z - info: START seeder.
2018-11-13T18:44:52.249Z - debug: 4 customers seeded
2018-11-13T18:44:52.251Z - debug: 2 products seeded
2018-11-13T18:44:52.253Z - debug: 1 orders seeded
2018-11-13T18:44:52.254Z - debug: 2 orderLineItems seeded
2018-11-13T18:44:52.254Z - info: END Seeder. Sample data read and verified.
2018-11-13T18:45:37.170Z - info: Environment variables loaded.
2018-11-13T18:45:37.180Z - debug: START routing
2018-11-13T18:45:37.180Z - debug: END routing
2018-11-13T18:45:37.181Z - info: Loaded routing.
2018-11-13T18:45:37.219Z - info: START seeder.
2018-11-13T18:45:37.222Z - debug: 4 customers seeded
2018-11-13T18:45:37.224Z - debug: 2 products seeded
2018-11-13T18:45:37.226Z - debug: 1 orders seeded
2018-11-13T18:45:37.228Z - debug: 2 orderLineItems seeded
2018-11-13T18:45:37.228Z - info: END Seeder. Sample data read and verified.
2018-11-13T18:47:19.692Z - info: Environment variables loaded.
2018-11-13T18:47:19.704Z - debug: START routing
2018-11-13T18:47:19.705Z - debug: END routing
2018-11-13T18:47:19.705Z - info: Loaded routing.
2018-11-13T18:47:19.740Z - info: START seeder.
2018-11-13T18:47:19.743Z - debug: 4 customers seeded
2018-11-13T18:47:19.745Z - debug: 4 products seeded
2018-11-13T18:47:19.746Z - debug: 1 orders seeded
2018-11-13T18:47:19.748Z - debug: 2 orderLineItems seeded
2018-11-13T18:47:19.748Z - info: END Seeder. Sample data read and verified.
2018-11-13T18:50:18.758Z - info: Environment variables loaded.
2018-11-13T18:50:18.771Z - debug: START routing
2018-11-13T18:50:18.771Z - debug: END routing
2018-11-13T18:50:18.771Z - info: Loaded routing.
2018-11-13T18:50:18.812Z - info: START seeder.
2018-11-13T18:50:18.815Z - debug: 4 customers seeded
2018-11-13T18:50:18.818Z - debug: 4 products seeded
2018-11-13T18:50:18.821Z - debug: 3 orders seeded
2018-11-13T18:50:18.823Z - debug: 2 orderLineItems seeded
2018-11-13T18:50:18.823Z - info: END Seeder. Sample data read and verified.
2018-11-13T18:54:43.900Z - info: Environment variables loaded.
2018-11-13T18:54:43.913Z - debug: START routing
2018-11-13T18:54:43.913Z - debug: END routing
2018-11-13T18:54:43.913Z - info: Loaded routing.
2018-11-13T18:54:43.959Z - info: START seeder.
2018-11-13T18:54:43.962Z - debug: 4 customers seeded
2018-11-13T18:54:43.965Z - debug: 4 products seeded
2018-11-13T18:54:43.968Z - debug: 3 orders seeded
2018-11-13T18:54:43.971Z - debug: 2 orderLineItems seeded
2018-11-13T18:54:43.971Z - info: END Seeder. Sample data read and verified.
2018-11-13T18:55:03.505Z - info: Environment variables loaded.
2018-11-13T18:55:03.514Z - debug: START routing
2018-11-13T18:55:03.514Z - debug: END routing
2018-11-13T18:55:03.514Z - info: Loaded routing.
2018-11-13T18:55:03.552Z - info: START seeder.
2018-11-13T18:55:03.560Z - debug: 4 customers seeded
2018-11-13T18:55:03.561Z - debug: 4 products seeded
2018-11-13T18:55:03.563Z - debug: 3 orders seeded
2018-11-13T18:55:03.564Z - debug: 3 orderLineItems seeded
2018-11-13T18:55:03.564Z - info: END Seeder. Sample data read and verified.
2018-11-13T21:18:22.399Z - debug: GET /contact
2018-11-13T21:18:57.635Z - debug: GET /contact
2018-11-13T21:18:58.161Z - debug: GET /images/favicon-32x32.png
2018-11-14T02:10:31.703Z - info: Environment variables loaded.
2018-11-14T02:10:31.768Z - debug: START routing
2018-11-14T02:10:31.768Z - debug: END routing
2018-11-14T02:10:31.768Z - info: Loaded routing.
2018-11-14T02:10:31.866Z - info: START seeder.
2018-11-14T02:10:31.871Z - debug: 4 customers seeded
2018-11-14T02:10:31.874Z - debug: 4 products seeded
2018-11-14T02:10:31.877Z - debug: 3 orders seeded
2018-11-14T02:10:31.880Z - debug: 3 orderLineItems seeded
2018-11-14T02:10:31.880Z - info: END Seeder. Sample data read and verified.
2018-11-14T02:10:33.654Z - info: Environment variables loaded.
2018-11-14T02:10:33.664Z - debug: START routing
2018-11-14T02:10:33.665Z - debug: END routing
2018-11-14T02:10:33.665Z - info: Loaded routing.
2018-11-14T02:10:33.714Z - info: START seeder.
2018-11-14T02:10:33.717Z - debug: 4 customers seeded
2018-11-14T02:10:33.720Z - debug: 4 products seeded
2018-11-14T02:10:33.721Z - debug: 3 orders seeded
2018-11-14T02:10:33.724Z - debug: 3 orderLineItems seeded
2018-11-14T02:10:33.724Z - info: END Seeder. Sample data read and verified.
2018-11-14T02:25:13.935Z - info: Environment variables loaded.
2018-11-14T02:25:13.952Z - debug: START routing
2018-11-14T02:25:13.952Z - debug: END routing
2018-11-14T02:25:13.953Z - info: Loaded routing.
2018-11-14T02:25:14.005Z - info: START seeder.
2018-11-14T02:25:14.009Z - debug: 4 customers seeded
2018-11-14T02:25:14.013Z - debug: 4 products seeded
2018-11-14T02:25:14.016Z - debug: 3 orders seeded
2018-11-14T02:25:14.019Z - debug: 3 orderLineItems seeded
2018-11-14T02:25:14.019Z - info: END Seeder. Sample data read and verified.
2018-11-14T02:25:50.775Z - info: Environment variables loaded.
2018-11-14T02:25:50.792Z - debug: START routing
2018-11-14T02:25:50.793Z - debug: END routing
2018-11-14T02:25:50.793Z - info: Loaded routing.
2018-11-14T02:25:50.860Z - info: START seeder.
2018-11-14T02:25:50.867Z - debug: 4 customers seeded
2018-11-14T02:25:50.873Z - debug: 4 products seeded
2018-11-14T02:25:50.876Z - debug: 3 orders seeded
2018-11-14T02:25:50.880Z - debug: 3 orderLineItems seeded
2018-11-14T02:25:50.880Z - info: END Seeder. Sample data read and verified.
2018-11-14T02:25:55.005Z - info: Environment variables loaded.
2018-11-14T02:25:55.026Z - debug: START routing
2018-11-14T02:25:55.027Z - debug: END routing
2018-11-14T02:25:55.027Z - info: Loaded routing.
2018-11-14T02:25:55.099Z - info: START seeder.
2018-11-14T02:25:55.109Z - debug: 4 customers seeded
2018-11-14T02:25:55.113Z - debug: 4 products seeded
2018-11-14T02:25:55.116Z - debug: 3 orders seeded
2018-11-14T02:25:55.120Z - debug: 3 orderLineItems seeded
2018-11-14T02:25:55.120Z - info: END Seeder. Sample data read and verified.
2018-11-14T02:26:00.283Z - info: Environment variables loaded.
2018-11-14T02:26:00.300Z - debug: START routing
2018-11-14T02:26:00.300Z - debug: END routing
2018-11-14T02:26:00.301Z - info: Loaded routing.
2018-11-14T02:26:00.362Z - info: START seeder.
2018-11-14T02:26:00.368Z - debug: 4 customers seeded
2018-11-14T02:26:00.373Z - debug: 4 products seeded
2018-11-14T02:26:00.377Z - debug: 3 orders seeded
2018-11-14T02:26:00.381Z - debug: 3 orderLineItems seeded
2018-11-14T02:26:00.381Z - info: END Seeder. Sample data read and verified.
2018-11-14T02:26:11.844Z - info: Environment variables loaded.
2018-11-14T02:26:11.866Z - debug: START routing
2018-11-14T02:26:11.867Z - debug: END routing
2018-11-14T02:26:11.868Z - info: Loaded routing.
2018-11-14T02:26:11.958Z - info: START seeder.
2018-11-14T02:26:11.967Z - debug: 4 customers seeded
2018-11-14T02:26:11.974Z - debug: 4 products seeded
2018-11-14T02:26:11.978Z - debug: 3 orders seeded
2018-11-14T02:26:11.982Z - debug: 3 orderLineItems seeded
2018-11-14T02:26:11.982Z - info: END Seeder. Sample data read and verified.
2018-11-14T02:26:17.306Z - info: Environment variables loaded.
2018-11-14T02:26:17.325Z - debug: START routing
2018-11-14T02:26:17.326Z - debug: END routing
2018-11-14T02:26:17.326Z - info: Loaded routing.
2018-11-14T02:26:17.403Z - info: START seeder.
2018-11-14T02:26:17.411Z - debug: 4 customers seeded
2018-11-14T02:26:17.415Z - debug: 4 products seeded
2018-11-14T02:26:17.419Z - debug: 3 orders seeded
2018-11-14T02:26:17.422Z - debug: 3 orderLineItems seeded
2018-11-14T02:26:17.422Z - info: END Seeder. Sample data read and verified.
2018-11-14T02:27:34.145Z - info: Environment variables loaded.
2018-11-14T02:27:34.314Z - error: uncaughtException: C:\Users\S533620\44563\project-09\data\products.json: Unexpected token { in JSON at position 503 date=Tue Nov 13 2018 20:27:34 GMT-0600 (Central Standard Time), pid=6108, uid=null, gid=null, cwd=C:\Users\S533620\44563\project-09, execPath=C:\Program Files\nodejs\node.exe, version=v10.11.0, argv=[C:\Program Files\nodejs\node.exe, C:\Users\S533620\44563\project-09\app.js], rss=66764800, heapTotal=62730240, heapUsed=36076016, external=19503734, loadavg=[0, 0, 0], uptime=618268
SyntaxError: C:\Users\S533620\44563\project-09\data\products.json: Unexpected token { in JSON at position 503
    at JSON.parse (<anonymous>)
    at Object.Module._extensions..json (internal/modules/cjs/loader.js:708:27)
    at Module.load (internal/modules/cjs/loader.js:599:32)
    at tryModuleLoad (internal/modules/cjs/loader.js:538:12)
    at Function.Module._load (internal/modules/cjs/loader.js:530:3)
    at Module.require (internal/modules/cjs/loader.js:637:17)
    at require (internal/modules/cjs/helpers.js:20:18)
    at Object.<anonymous> (C:\Users\S533620\44563\project-09\utils\seeder.js:9:18)
    at Module._compile (internal/modules/cjs/loader.js:689:30)
    at Object.Module._extensions..js (internal/modules/cjs/loader.js:700:10)
    at Module.load (internal/modules/cjs/loader.js:599:32)
    at tryModuleLoad (internal/modules/cjs/loader.js:538:12)
    at Function.Module._load (internal/modules/cjs/loader.js:530:3)
    at Module.require (internal/modules/cjs/loader.js:637:17)
    at require (internal/modules/cjs/helpers.js:20:18)
    at Object.<anonymous> (C:\Users\S533620\44563\project-09\app.js:73:1)
    at Module._compile (internal/modules/cjs/loader.js:689:30)
    at Object.Module._extensions..js (internal/modules/cjs/loader.js:700:10)
    at Module.load (internal/modules/cjs/loader.js:599:32)
    at tryModuleLoad (internal/modules/cjs/loader.js:538:12)
    at Function.Module._load (internal/modules/cjs/loader.js:530:3)
    at Function.Module.runMain (internal/modules/cjs/loader.js:742:12)
2018-11-14T02:27:34.169Z - debug: START routing
2018-11-14T02:27:34.171Z - debug: END routing
2018-11-14T02:27:34.171Z - info: Loaded routing.
2018-11-14T02:28:06.065Z - info: Environment variables loaded.
2018-11-14T02:28:06.195Z - error: uncaughtException: C:\Users\S533620\44563\project-09\data\products.json: Unexpected token { in JSON at position 503 date=Tue Nov 13 2018 20:28:06 GMT-0600 (Central Standard Time), pid=23528, uid=null, gid=null, cwd=C:\Users\S533620\44563\project-09, execPath=C:\Program Files\nodejs\node.exe, version=v10.11.0, argv=[C:\Program Files\nodejs\node.exe, C:\Users\S533620\44563\project-09\app.js], rss=69181440, heapTotal=61157376, heapUsed=38021752, external=19857622, loadavg=[0, 0, 0], uptime=618300
SyntaxError: C:\Users\S533620\44563\project-09\data\products.json: Unexpected token { in JSON at position 503
    at JSON.parse (<anonymous>)
    at Object.Module._extensions..json (internal/modules/cjs/loader.js:708:27)
    at Module.load (internal/modules/cjs/loader.js:599:32)
    at tryModuleLoad (internal/modules/cjs/loader.js:538:12)
    at Function.Module._load (internal/modules/cjs/loader.js:530:3)
    at Module.require (internal/modules/cjs/loader.js:637:17)
    at require (internal/modules/cjs/helpers.js:20:18)
    at Object.<anonymous> (C:\Users\S533620\44563\project-09\utils\seeder.js:9:18)
    at Module._compile (internal/modules/cjs/loader.js:689:30)
    at Object.Module._extensions..js (internal/modules/cjs/loader.js:700:10)
    at Module.load (internal/modules/cjs/loader.js:599:32)
    at tryModuleLoad (internal/modules/cjs/loader.js:538:12)
    at Function.Module._load (internal/modules/cjs/loader.js:530:3)
    at Module.require (internal/modules/cjs/loader.js:637:17)
    at require (internal/modules/cjs/helpers.js:20:18)
    at Object.<anonymous> (C:\Users\S533620\44563\project-09\app.js:73:1)
    at Module._compile (internal/modules/cjs/loader.js:689:30)
    at Object.Module._extensions..js (internal/modules/cjs/loader.js:700:10)
    at Module.load (internal/modules/cjs/loader.js:599:32)
    at tryModuleLoad (internal/modules/cjs/loader.js:538:12)
    at Function.Module._load (internal/modules/cjs/loader.js:530:3)
    at Function.Module.runMain (internal/modules/cjs/loader.js:742:12)
2018-11-14T02:28:06.082Z - debug: START routing
2018-11-14T02:28:06.082Z - debug: END routing
2018-11-14T02:28:06.083Z - info: Loaded routing.
2018-11-14T02:28:11.785Z - info: Environment variables loaded.
2018-11-14T02:28:11.922Z - error: uncaughtException: C:\Users\S533620\44563\project-09\data\products.json: Unexpected token { in JSON at position 503 date=Tue Nov 13 2018 20:28:11 GMT-0600 (Central Standard Time), pid=19624, uid=null, gid=null, cwd=C:\Users\S533620\44563\project-09, execPath=C:\Program Files\nodejs\node.exe, version=v10.11.0, argv=[C:\Program Files\nodejs\node.exe, C:\Users\S533620\44563\project-09\app.js], rss=63877120, heapTotal=63778816, heapUsed=33602336, external=19020724, loadavg=[0, 0, 0], uptime=618306
SyntaxError: C:\Users\S533620\44563\project-09\data\products.json: Unexpected token { in JSON at position 503
    at JSON.parse (<anonymous>)
    at Object.Module._extensions..json (internal/modules/cjs/loader.js:708:27)
    at Module.load (internal/modules/cjs/loader.js:599:32)
    at tryModuleLoad (internal/modules/cjs/loader.js:538:12)
    at Function.Module._load (internal/modules/cjs/loader.js:530:3)
    at Module.require (internal/modules/cjs/loader.js:637:17)
    at require (internal/modules/cjs/helpers.js:20:18)
    at Object.<anonymous> (C:\Users\S533620\44563\project-09\utils\seeder.js:9:18)
    at Module._compile (internal/modules/cjs/loader.js:689:30)
    at Object.Module._extensions..js (internal/modules/cjs/loader.js:700:10)
    at Module.load (internal/modules/cjs/loader.js:599:32)
    at tryModuleLoad (internal/modules/cjs/loader.js:538:12)
    at Function.Module._load (internal/modules/cjs/loader.js:530:3)
    at Module.require (internal/modules/cjs/loader.js:637:17)
    at require (internal/modules/cjs/helpers.js:20:18)
    at Object.<anonymous> (C:\Users\S533620\44563\project-09\app.js:73:1)
    at Module._compile (internal/modules/cjs/loader.js:689:30)
    at Object.Module._extensions..js (internal/modules/cjs/loader.js:700:10)
    at Module.load (internal/modules/cjs/loader.js:599:32)
    at tryModuleLoad (internal/modules/cjs/loader.js:538:12)
    at Function.Module._load (internal/modules/cjs/loader.js:530:3)
    at Function.Module.runMain (internal/modules/cjs/loader.js:742:12)
2018-11-14T02:28:11.804Z - debug: START routing
2018-11-14T02:28:11.805Z - debug: END routing
2018-11-14T02:28:11.805Z - info: Loaded routing.
2018-11-14T02:28:20.379Z - info: Environment variables loaded.
2018-11-14T02:28:20.554Z - error: uncaughtException: C:\Users\S533620\44563\project-09\data\products.json: Unexpected token { in JSON at position 503 date=Tue Nov 13 2018 20:28:20 GMT-0600 (Central Standard Time), pid=13648, uid=null, gid=null, cwd=C:\Users\S533620\44563\project-09, execPath=C:\Program Files\nodejs\node.exe, version=v10.11.0, argv=[C:\Program Files\nodejs\node.exe, C:\Users\S533620\44563\project-09\app.js], rss=66805760, heapTotal=62205952, heapUsed=36415792, external=19571666, loadavg=[0, 0, 0], uptime=618315
SyntaxError: C:\Users\S533620\44563\project-09\data\products.json: Unexpected token { in JSON at position 503
    at JSON.parse (<anonymous>)
    at Object.Module._extensions..json (internal/modules/cjs/loader.js:708:27)
    at Module.load (internal/modules/cjs/loader.js:599:32)
    at tryModuleLoad (internal/modules/cjs/loader.js:538:12)
    at Function.Module._load (internal/modules/cjs/loader.js:530:3)
    at Module.require (internal/modules/cjs/loader.js:637:17)
    at require (internal/modules/cjs/helpers.js:20:18)
    at Object.<anonymous> (C:\Users\S533620\44563\project-09\utils\seeder.js:9:18)
    at Module._compile (internal/modules/cjs/loader.js:689:30)
    at Object.Module._extensions..js (internal/modules/cjs/loader.js:700:10)
    at Module.load (internal/modules/cjs/loader.js:599:32)
    at tryModuleLoad (internal/modules/cjs/loader.js:538:12)
    at Function.Module._load (internal/modules/cjs/loader.js:530:3)
    at Module.require (internal/modules/cjs/loader.js:637:17)
    at require (internal/modules/cjs/helpers.js:20:18)
    at Object.<anonymous> (C:\Users\S533620\44563\project-09\app.js:73:1)
    at Module._compile (internal/modules/cjs/loader.js:689:30)
    at Object.Module._extensions..js (internal/modules/cjs/loader.js:700:10)
    at Module.load (internal/modules/cjs/loader.js:599:32)
    at tryModuleLoad (internal/modules/cjs/loader.js:538:12)
    at Function.Module._load (internal/modules/cjs/loader.js:530:3)
    at Function.Module.runMain (internal/modules/cjs/loader.js:742:12)
2018-11-14T02:28:20.399Z - debug: START routing
2018-11-14T02:28:20.399Z - debug: END routing
2018-11-14T02:28:20.399Z - info: Loaded routing.
2018-11-14T02:29:26.510Z - info: Environment variables loaded.
2018-11-14T02:29:26.570Z - error: uncaughtException: Invalid or unexpected token date=Tue Nov 13 2018 20:29:26 GMT-0600 (Central Standard Time), pid=26372, uid=null, gid=null, cwd=C:\Users\S533620\44563\project-09, execPath=C:\Program Files\nodejs\node.exe, version=v10.11.0, argv=[C:\Program Files\nodejs\node.exe, C:\Users\S533620\44563\project-09\app.js], rss=63717376, heapTotal=63254528, heapUsed=32059080, external=18833673, loadavg=[0, 0, 0], uptime=618381
C:\Users\S533620\44563\project-09\utils\seeder.js:48
@author 
^

SyntaxError: Invalid or unexpected token
    at new Script (vm.js:79:7)
    at createScript (vm.js:251:10)
    at Object.runInThisContext (vm.js:303:10)
    at Module._compile (internal/modules/cjs/loader.js:657:28)
    at Object.Module._extensions..js (internal/modules/cjs/loader.js:700:10)
    at Module.load (internal/modules/cjs/loader.js:599:32)
    at tryModuleLoad (internal/modules/cjs/loader.js:538:12)
    at Function.Module._load (internal/modules/cjs/loader.js:530:3)
    at Module.require (internal/modules/cjs/loader.js:637:17)
    at require (internal/modules/cjs/helpers.js:20:18)
    at Object.<anonymous> (C:\Users\S533620\44563\project-09\app.js:73:1)
    at Module._compile (internal/modules/cjs/loader.js:689:30)
    at Object.Module._extensions..js (internal/modules/cjs/loader.js:700:10)
    at Module.load (internal/modules/cjs/loader.js:599:32)
    at tryModuleLoad (internal/modules/cjs/loader.js:538:12)
    at Function.Module._load (internal/modules/cjs/loader.js:530:3)
    at Function.Module.runMain (internal/modules/cjs/loader.js:742:12)
    at startup (internal/bootstrap/node.js:279:19)
    at bootstrapNodeJSCore (internal/bootstrap/node.js:752:3)
2018-11-14T02:29:26.527Z - debug: START routing
2018-11-14T02:29:26.528Z - debug: END routing
2018-11-14T02:29:26.528Z - info: Loaded routing.
2018-11-14T02:29:30.973Z - info: Environment variables loaded.
2018-11-14T02:29:31.033Z - error: uncaughtException: Invalid or unexpected token date=Tue Nov 13 2018 20:29:30 GMT-0600 (Central Standard Time), pid=18940, uid=null, gid=null, cwd=C:\Users\S533620\44563\project-09, execPath=C:\Program Files\nodejs\node.exe, version=v10.11.0, argv=[C:\Program Files\nodejs\node.exe, C:\Users\S533620\44563\project-09\app.js], rss=65323008, heapTotal=62730240, heapUsed=34627184, external=19320859, loadavg=[0, 0, 0], uptime=618385
C:\Users\S533620\44563\project-09\utils\seeder.js:48
@author Sandeep Devineni
^

SyntaxError: Invalid or unexpected token
    at new Script (vm.js:79:7)
    at createScript (vm.js:251:10)
    at Object.runInThisContext (vm.js:303:10)
    at Module._compile (internal/modules/cjs/loader.js:657:28)
    at Object.Module._extensions..js (internal/modules/cjs/loader.js:700:10)
    at Module.load (internal/modules/cjs/loader.js:599:32)
    at tryModuleLoad (internal/modules/cjs/loader.js:538:12)
    at Function.Module._load (internal/modules/cjs/loader.js:530:3)
    at Module.require (internal/modules/cjs/loader.js:637:17)
    at require (internal/modules/cjs/helpers.js:20:18)
    at Object.<anonymous> (C:\Users\S533620\44563\project-09\app.js:73:1)
    at Module._compile (internal/modules/cjs/loader.js:689:30)
    at Object.Module._extensions..js (internal/modules/cjs/loader.js:700:10)
    at Module.load (internal/modules/cjs/loader.js:599:32)
    at tryModuleLoad (internal/modules/cjs/loader.js:538:12)
    at Function.Module._load (internal/modules/cjs/loader.js:530:3)
    at Function.Module.runMain (internal/modules/cjs/loader.js:742:12)
    at startup (internal/bootstrap/node.js:279:19)
    at bootstrapNodeJSCore (internal/bootstrap/node.js:752:3)
2018-11-14T02:29:30.991Z - debug: START routing
2018-11-14T02:29:30.992Z - debug: END routing
2018-11-14T02:29:30.992Z - info: Loaded routing.
2018-11-14T02:29:38.002Z - info: Environment variables loaded.
2018-11-14T02:29:38.074Z - error: uncaughtException: Unexpected identifier date=Tue Nov 13 2018 20:29:38 GMT-0600 (Central Standard Time), pid=24148, uid=null, gid=null, cwd=C:\Users\S533620\44563\project-09, execPath=C:\Program Files\nodejs\node.exe, version=v10.11.0, argv=[C:\Program Files\nodejs\node.exe, C:\Users\S533620\44563\project-09\app.js], rss=65675264, heapTotal=62205952, heapUsed=34726704, external=19320859, loadavg=[0, 0, 0], uptime=618392
C:\Users\S533620\44563\project-09\utils\seeder.js:48
 Sandeep Devineni
         ^^^^^^^^

SyntaxError: Unexpected identifier
    at new Script (vm.js:79:7)
    at createScript (vm.js:251:10)
    at Object.runInThisContext (vm.js:303:10)
    at Module._compile (internal/modules/cjs/loader.js:657:28)
    at Object.Module._extensions..js (internal/modules/cjs/loader.js:700:10)
    at Module.load (internal/modules/cjs/loader.js:599:32)
    at tryModuleLoad (internal/modules/cjs/loader.js:538:12)
    at Function.Module._load (internal/modules/cjs/loader.js:530:3)
    at Module.require (internal/modules/cjs/loader.js:637:17)
    at require (internal/modules/cjs/helpers.js:20:18)
    at Object.<anonymous> (C:\Users\S533620\44563\project-09\app.js:73:1)
    at Module._compile (internal/modules/cjs/loader.js:689:30)
    at Object.Module._extensions..js (internal/modules/cjs/loader.js:700:10)
    at Module.load (internal/modules/cjs/loader.js:599:32)
    at tryModuleLoad (internal/modules/cjs/loader.js:538:12)
    at Function.Module._load (internal/modules/cjs/loader.js:530:3)
    at Function.Module.runMain (internal/modules/cjs/loader.js:742:12)
    at startup (internal/bootstrap/node.js:279:19)
    at bootstrapNodeJSCore (internal/bootstrap/node.js:752:3)
2018-11-14T02:29:38.024Z - debug: START routing
2018-11-14T02:29:38.025Z - debug: END routing
2018-11-14T02:29:38.025Z - info: Loaded routing.
2018-11-14T02:29:44.675Z - info: Environment variables loaded.
2018-11-14T02:29:44.803Z - error: uncaughtException: C:\Users\S533620\44563\project-09\data\products.json: Unexpected token { in JSON at position 503 date=Tue Nov 13 2018 20:29:44 GMT-0600 (Central Standard Time), pid=25924, uid=null, gid=null, cwd=C:\Users\S533620\44563\project-09, execPath=C:\Program Files\nodejs\node.exe, version=v10.11.0, argv=[C:\Program Files\nodejs\node.exe, C:\Users\S533620\44563\project-09\app.js], rss=66727936, heapTotal=62205952, heapUsed=36093960, external=19524819, loadavg=[0, 0, 0], uptime=618399
SyntaxError: C:\Users\S533620\44563\project-09\data\products.json: Unexpected token { in JSON at position 503
    at JSON.parse (<anonymous>)
    at Object.Module._extensions..json (internal/modules/cjs/loader.js:708:27)
    at Module.load (internal/modules/cjs/loader.js:599:32)
    at tryModuleLoad (internal/modules/cjs/loader.js:538:12)
    at Function.Module._load (internal/modules/cjs/loader.js:530:3)
    at Module.require (internal/modules/cjs/loader.js:637:17)
    at require (internal/modules/cjs/helpers.js:20:18)
    at Object.<anonymous> (C:\Users\S533620\44563\project-09\utils\seeder.js:9:18)
    at Module._compile (internal/modules/cjs/loader.js:689:30)
    at Object.Module._extensions..js (internal/modules/cjs/loader.js:700:10)
    at Module.load (internal/modules/cjs/loader.js:599:32)
    at tryModuleLoad (internal/modules/cjs/loader.js:538:12)
    at Function.Module._load (internal/modules/cjs/loader.js:530:3)
    at Module.require (internal/modules/cjs/loader.js:637:17)
    at require (internal/modules/cjs/helpers.js:20:18)
    at Object.<anonymous> (C:\Users\S533620\44563\project-09\app.js:73:1)
    at Module._compile (internal/modules/cjs/loader.js:689:30)
    at Object.Module._extensions..js (internal/modules/cjs/loader.js:700:10)
    at Module.load (internal/modules/cjs/loader.js:599:32)
    at tryModuleLoad (internal/modules/cjs/loader.js:538:12)
    at Function.Module._load (internal/modules/cjs/loader.js:530:3)
    at Function.Module.runMain (internal/modules/cjs/loader.js:742:12)
2018-11-14T02:29:44.689Z - debug: START routing
2018-11-14T02:29:44.689Z - debug: END routing
2018-11-14T02:29:44.689Z - info: Loaded routing.
2018-11-14T02:29:52.311Z - info: Environment variables loaded.
2018-11-14T02:29:52.436Z - error: uncaughtException: C:\Users\S533620\44563\project-09\data\products.json: Unexpected token { in JSON at position 503 date=Tue Nov 13 2018 20:29:52 GMT-0600 (Central Standard Time), pid=25952, uid=null, gid=null, cwd=C:\Users\S533620\44563\project-09, execPath=C:\Program Files\nodejs\node.exe, version=v10.11.0, argv=[C:\Program Files\nodejs\node.exe, C:\Users\S533620\44563\project-09\app.js], rss=66854912, heapTotal=62205952, heapUsed=36092728, external=19503734, loadavg=[0, 0, 0], uptime=618406
SyntaxError: C:\Users\S533620\44563\project-09\data\products.json: Unexpected token { in JSON at position 503
    at JSON.parse (<anonymous>)
    at Object.Module._extensions..json (internal/modules/cjs/loader.js:708:27)
    at Module.load (internal/modules/cjs/loader.js:599:32)
    at tryModuleLoad (internal/modules/cjs/loader.js:538:12)
    at Function.Module._load (internal/modules/cjs/loader.js:530:3)
    at Module.require (internal/modules/cjs/loader.js:637:17)
    at require (internal/modules/cjs/helpers.js:20:18)
    at Object.<anonymous> (C:\Users\S533620\44563\project-09\utils\seeder.js:9:18)
    at Module._compile (internal/modules/cjs/loader.js:689:30)
    at Object.Module._extensions..js (internal/modules/cjs/loader.js:700:10)
    at Module.load (internal/modules/cjs/loader.js:599:32)
    at tryModuleLoad (internal/modules/cjs/loader.js:538:12)
    at Function.Module._load (internal/modules/cjs/loader.js:530:3)
    at Module.require (internal/modules/cjs/loader.js:637:17)
    at require (internal/modules/cjs/helpers.js:20:18)
    at Object.<anonymous> (C:\Users\S533620\44563\project-09\app.js:73:1)
    at Module._compile (internal/modules/cjs/loader.js:689:30)
    at Object.Module._extensions..js (internal/modules/cjs/loader.js:700:10)
    at Module.load (internal/modules/cjs/loader.js:599:32)
    at tryModuleLoad (internal/modules/cjs/loader.js:538:12)
    at Function.Module._load (internal/modules/cjs/loader.js:530:3)
    at Function.Module.runMain (internal/modules/cjs/loader.js:742:12)
2018-11-14T02:29:52.329Z - debug: START routing
2018-11-14T02:29:52.330Z - debug: END routing
2018-11-14T02:29:52.330Z - info: Loaded routing.
2018-11-14T02:29:56.403Z - info: Environment variables loaded.
2018-11-14T02:29:56.532Z - error: uncaughtException: C:\Users\S533620\44563\project-09\data\products.json: Unexpected token { in JSON at position 503 date=Tue Nov 13 2018 20:29:56 GMT-0600 (Central Standard Time), pid=22240, uid=null, gid=null, cwd=C:\Users\S533620\44563\project-09, execPath=C:\Program Files\nodejs\node.exe, version=v10.11.0, argv=[C:\Program Files\nodejs\node.exe, C:\Users\S533620\44563\project-09\app.js], rss=66174976, heapTotal=62730240, heapUsed=35335424, external=19351790, loadavg=[0, 0, 0], uptime=618411
SyntaxError: C:\Users\S533620\44563\project-09\data\products.json: Unexpected token { in JSON at position 503
    at JSON.parse (<anonymous>)
    at Object.Module._extensions..json (internal/modules/cjs/loader.js:708:27)
    at Module.load (internal/modules/cjs/loader.js:599:32)
    at tryModuleLoad (internal/modules/cjs/loader.js:538:12)
    at Function.Module._load (internal/modules/cjs/loader.js:530:3)
    at Module.require (internal/modules/cjs/loader.js:637:17)
    at require (internal/modules/cjs/helpers.js:20:18)
    at Object.<anonymous> (C:\Users\S533620\44563\project-09\utils\seeder.js:9:18)
    at Module._compile (internal/modules/cjs/loader.js:689:30)
    at Object.Module._extensions..js (internal/modules/cjs/loader.js:700:10)
    at Module.load (internal/modules/cjs/loader.js:599:32)
    at tryModuleLoad (internal/modules/cjs/loader.js:538:12)
    at Function.Module._load (internal/modules/cjs/loader.js:530:3)
    at Module.require (internal/modules/cjs/loader.js:637:17)
    at require (internal/modules/cjs/helpers.js:20:18)
    at Object.<anonymous> (C:\Users\S533620\44563\project-09\app.js:73:1)
    at Module._compile (internal/modules/cjs/loader.js:689:30)
    at Object.Module._extensions..js (internal/modules/cjs/loader.js:700:10)
    at Module.load (internal/modules/cjs/loader.js:599:32)
    at tryModuleLoad (internal/modules/cjs/loader.js:538:12)
    at Function.Module._load (internal/modules/cjs/loader.js:530:3)
    at Function.Module.runMain (internal/modules/cjs/loader.js:742:12)
2018-11-14T02:29:56.427Z - debug: START routing
2018-11-14T02:29:56.428Z - debug: END routing
2018-11-14T02:29:56.428Z - info: Loaded routing.
2018-11-14T02:30:31.180Z - info: Environment variables loaded.
2018-11-14T02:30:31.190Z - debug: START routing
2018-11-14T02:30:31.190Z - debug: END routing
2018-11-14T02:30:31.190Z - info: Loaded routing.
2018-11-14T02:30:31.226Z - info: START seeder.
2018-11-14T02:30:31.234Z - debug: 4 customers seeded
2018-11-14T02:30:31.240Z - debug: 5 products seeded
2018-11-14T02:30:31.244Z - debug: 3 orders seeded
2018-11-14T02:30:31.246Z - debug: 3 orderLineItems seeded
2018-11-14T02:30:31.246Z - info: END Seeder. Sample data read and verified.
2018-11-14T02:33:23.773Z - info: Environment variables loaded.
2018-11-14T02:33:23.791Z - debug: START routing
2018-11-14T02:33:23.792Z - debug: END routing
2018-11-14T02:33:23.792Z - info: Loaded routing.
2018-11-14T02:33:23.857Z - info: START seeder.
2018-11-14T02:33:23.867Z - debug: 5 products seeded
2018-11-14T02:33:23.871Z - debug: 3 orders seeded
2018-11-14T02:33:23.875Z - debug: 3 orderLineItems seeded
2018-11-14T02:33:23.875Z - info: END Seeder. Sample data read and verified.
2018-11-14T02:33:31.429Z - info: Environment variables loaded.
2018-11-14T02:33:31.447Z - debug: START routing
2018-11-14T02:33:31.448Z - debug: END routing
2018-11-14T02:33:31.448Z - info: Loaded routing.
2018-11-14T02:33:31.514Z - info: START seeder.
2018-11-14T02:33:31.524Z - debug: 5 products seeded
2018-11-14T02:33:31.528Z - debug: 3 orders seeded
2018-11-14T02:33:31.535Z - debug: 3 orderLineItems seeded
2018-11-14T02:33:31.535Z - info: END Seeder. Sample data read and verified.
2018-11-14T02:33:38.784Z - info: Environment variables loaded.
2018-11-14T02:33:38.801Z - debug: START routing
2018-11-14T02:33:38.802Z - debug: END routing
2018-11-14T02:33:38.802Z - info: Loaded routing.
2018-11-14T02:33:38.871Z - info: START seeder.
2018-11-14T02:33:38.882Z - debug: 5 products seeded
2018-11-14T02:33:38.895Z - debug: 3 orderLineItems seeded
2018-11-14T02:33:38.895Z - info: END Seeder. Sample data read and verified.
2018-11-14T02:33:43.675Z - info: Environment variables loaded.
2018-11-14T02:33:43.695Z - debug: START routing
2018-11-14T02:33:43.696Z - debug: END routing
2018-11-14T02:33:43.697Z - info: Loaded routing.
2018-11-14T02:33:43.780Z - info: START seeder.
2018-11-14T02:33:43.792Z - debug: 5 products seeded
2018-11-14T02:33:43.799Z - info: END Seeder. Sample data read and verified.
